<?xml version='1.0' encoding='UTF-8'?>
<testsuite hostname="iKvitkadx" name="Task3.Task3TSStack" tests="3" errors="0" failures="0" skipped="0" time="0.087" timestamp="2020-10-08T19:07:51">
                     <properties>
[...]
</properties>
                     <testcase classname="Task3.Task3TSStack" name="should check concurrent push" time="0.086">
                                                 
                                               </testcase><testcase classname="Task3.Task3TSStack" name="should Check pop method" time="0.0">
                                                 
                                               </testcase><testcase classname="Task3.Task3TSStack" name="should Check top method" time="0.001">
                                                 
                                               </testcase>
                     <system-out><![CDATA[]]></system-out>
                     <system-err><![CDATA[]]></system-err>
                   </testsuite>